<?xml version="1.0" encoding="UTF-8"?>
<!DOCTYPE html PUBLIC "-//W3C//DTD XHTML 1.0 Strict//EN" "http://www.w3.org/TR/xhtml1/DTD/xhtml1-strict.dtd">
<html xmlns="http://www.w3.org/1999/xhtml">
<head>
    <title>信息搜索模块测试报告</title>
    <meta name="generator" content="HTMLTestRunner 0.8.2"/>
    <meta http-equiv="Content-Type" content="text/html; charset=UTF-8"/>
    
<style type="text/css" media="screen">
body        { font-family: verdana, arial, helvetica, sans-serif; font-size: 80%; }
table       { font-size: 100%; }
pre         { }

/* -- heading ---------------------------------------------------------------------- */
h1 {
	font-size: 16pt;
	color: gray;
}
.heading {
    margin-top: 0ex;
    margin-bottom: 1ex;
}

.heading .attribute {
    margin-top: 1ex;
    margin-bottom: 0;
}

.heading .description {
    margin-top: 4ex;
    margin-bottom: 6ex;
}

/* -- css div popup ------------------------------------------------------------------------ */
a.popup_link {
}

a.popup_link:hover {
    color: red;
}

.popup_window {
    display: none;
    position: relative;
    left: 0px;
    top: 0px;
    /*border: solid #627173 1px; */
    padding: 10px;
    background-color: #E6E6D6;
    font-family: "Lucida Console", "Courier New", Courier, monospace;
    text-align: left;
    font-size: 8pt;
    width: 500px;
}

}
/* -- report ------------------------------------------------------------------------ */
#show_detail_line {
    margin-top: 3ex;
    margin-bottom: 1ex;
}
#result_table {
    width: 80%;
    border-collapse: collapse;
    border: 1px solid #777;
}
#header_row {
    font-weight: bold;
    color: white;
    background-color: #777;
}
#result_table td {
    border: 1px solid #777;
    padding: 2px;
}
#total_row  { font-weight: bold; }
.passClass  { background-color: #6c6; }
.failClass  { background-color: #c60; }
.errorClass { background-color: #c00; }
.passCase   { color: #6c6; }
.failCase   { color: #c60; font-weight: bold; }
.errorCase  { color: #c00; font-weight: bold; }
.hiddenRow  { display: none; }
.testcase   { margin-left: 2em; }


/* -- ending ---------------------------------------------------------------------- */
#ending {
}

</style>

</head>
<body>
<script language="javascript" type="text/javascript"><!--
output_list = Array();

/* level - 0:Summary; 1:Failed; 2:All */
function showCase(level) {
    trs = document.getElementsByTagName("tr");
    for (var i = 0; i < trs.length; i++) {
        tr = trs[i];
        id = tr.id;
        if (id.substr(0,2) == 'ft') {
            if (level < 1) {
                tr.className = 'hiddenRow';
            }
            else {
                tr.className = '';
            }
        }
        if (id.substr(0,2) == 'pt') {
            if (level > 1) {
                tr.className = '';
            }
            else {
                tr.className = 'hiddenRow';
            }
        }
    }
}


function showClassDetail(cid, count) {
    var id_list = Array(count);
    var toHide = 1;
    for (var i = 0; i < count; i++) {
        tid0 = 't' + cid.substr(1) + '.' + (i+1);
        tid = 'f' + tid0;
        tr = document.getElementById(tid);
        if (!tr) {
            tid = 'p' + tid0;
            tr = document.getElementById(tid);
        }
        id_list[i] = tid;
        if (tr.className) {
            toHide = 0;
        }
    }
    for (var i = 0; i < count; i++) {
        tid = id_list[i];
        if (toHide) {
            document.getElementById('div_'+tid).style.display = 'none'
            document.getElementById(tid).className = 'hiddenRow';
        }
        else {
            document.getElementById(tid).className = '';
        }
    }
}


function showTestDetail(div_id){
    var details_div = document.getElementById(div_id)
    var displayState = details_div.style.display
    // alert(displayState)
    if (displayState != 'block' ) {
        displayState = 'block'
        details_div.style.display = 'block'
    }
    else {
        details_div.style.display = 'none'
    }
}


function html_escape(s) {
    s = s.replace(/&/g,'&amp;');
    s = s.replace(/</g,'&lt;');
    s = s.replace(/>/g,'&gt;');
    return s;
}

/* obsoleted by detail in <div>
function showOutput(id, name) {
    var w = window.open("", //url
                    name,
                    "resizable,scrollbars,status,width=800,height=450");
    d = w.document;
    d.write("<pre>");
    d.write(html_escape(output_list[id]));
    d.write("\n");
    d.write("<a href='javascript:window.close()'>close</a>\n");
    d.write("</pre>\n");
    d.close();
}
*/
--></script>

<div class='heading'>
<h1>信息搜索模块测试报告</h1>
<p class='attribute'><strong>Start Time:</strong> 2018-03-28 14:08:08</p>
<p class='attribute'><strong>Duration:</strong> 0:07:21.102763</p>
<p class='attribute'><strong>Status:</strong> Pass 5 Error 7</p>

<p class='description'>用例执行情况：</p>
</div>



<p id='show_detail_line'>Show
<a href='javascript:showCase(0)'>Summary</a>
<a href='javascript:showCase(1)'>Failed</a>
<a href='javascript:showCase(2)'>All</a>
</p>
<table id='result_table'>
<colgroup>
<col align='left' />
<col align='right' />
<col align='right' />
<col align='right' />
<col align='right' />
<col align='right' />
</colgroup>
<tr id='header_row'>
    <td>Test Group/Test case</td>
    <td>Count</td>
    <td>Pass</td>
    <td>Fail</td>
    <td>Error</td>
    <td>View</td>
</tr>

<tr class='passClass'>
    <td>cases.search_mohu.UntitledTestCase</td>
    <td>1</td>
    <td>1</td>
    <td>0</td>
    <td>0</td>
    <td><a href="javascript:showClassDetail('c1',1)">Detail</a></td>
</tr>

<tr id='pt1.1' class='hiddenRow'>
    <td class='none'><div class='testcase'>test_untitled_test_case: 模糊搜索测试</div></td>
    <td colspan='5' align='center'>pass</td>
</tr>

<tr class='passClass'>
    <td>cases.search_gaoji.UntitledTestCase</td>
    <td>1</td>
    <td>1</td>
    <td>0</td>
    <td>0</td>
    <td><a href="javascript:showClassDetail('c2',1)">Detail</a></td>
</tr>

<tr id='pt2.1' class='hiddenRow'>
    <td class='none'><div class='testcase'>test_untitled_test_case: 高级搜索测试</div></td>
    <td colspan='5' align='center'>pass</td>
</tr>

<tr class='errorClass'>
    <td>cases.search_selectByweixin.UntitledTestCase</td>
    <td>1</td>
    <td>0</td>
    <td>0</td>
    <td>1</td>
    <td><a href="javascript:showClassDetail('c3',1)">Detail</a></td>
</tr>

<tr id='ft3.1' class='none'>
    <td class='errorCase'><div class='testcase'>test_untitled_test_case: 按微信账号精确搜索测试</div></td>
    <td colspan='5' align='center'>

    <!--css div popup start-->
    <a class="popup_link" onfocus='this.blur();' href="javascript:showTestDetail('div_ft3.1')" >
        error</a>

    <div id='div_ft3.1' class="popup_window">
        <div style='text-align: right; color:red;cursor:pointer'>
        <a onfocus='this.blur();' onclick="document.getElementById('div_ft3.1').style.display = 'none' " >
           [x]</a>
        </div>
        <pre>
        
ft3.1: Traceback (most recent call last):
  File "E:\eclipse\eclipse-workspace\ris_search_automation\RIS_Automation\src\ris\cases\search_selectByweixin.py", line 26, in test_untitled_test_case
    driver.find_element_by_xpath("//td[4]/label").click()
  File "E:\Program Files\Python\Python36\lib\site-packages\selenium\webdriver\remote\webelement.py", line 80, in click
    self._execute(Command.CLICK_ELEMENT)
  File "E:\Program Files\Python\Python36\lib\site-packages\selenium\webdriver\remote\webelement.py", line 501, in _execute
    return self._parent.execute(command, params)
  File "E:\Program Files\Python\Python36\lib\site-packages\selenium\webdriver\remote\webdriver.py", line 311, in execute
    self.error_handler.check_response(response)
  File "E:\Program Files\Python\Python36\lib\site-packages\selenium\webdriver\remote\errorhandler.py", line 237, in check_response
    raise exception_class(message, screen, stacktrace)
selenium.common.exceptions.WebDriverException: Message: unknown error: Element &lt;label data-v-0936452e="" class="ivu-checkbox-wrapper ivu-checkbox-group-item" style="font-weight: normal;"&gt;...&lt;/label&gt; is not clickable at point (711, 480). Other element would receive the click: &lt;div data-v-da3616f2="" class="warningModal_header"&gt;...&lt;/div&gt;
  (Session info: chrome=65.0.3325.181)
  (Driver info: chromedriver=2.35.528161 (5b82f2d2aae0ca24b877009200ced9065a772e73),platform=Windows NT 10.0.16299 x86_64)

Traceback (most recent call last):
  File "E:\eclipse\eclipse-workspace\ris_search_automation\RIS_Automation\src\ris\cases\search_selectByweixin.py", line 26, in test_untitled_test_case
    driver.find_element_by_xpath("//td[4]/label").click()
  File "E:\Program Files\Python\Python36\lib\site-packages\selenium\webdriver\remote\webelement.py", line 80, in click
    self._execute(Command.CLICK_ELEMENT)
  File "E:\Program Files\Python\Python36\lib\site-packages\selenium\webdriver\remote\webelement.py", line 501, in _execute
    return self._parent.execute(command, params)
  File "E:\Program Files\Python\Python36\lib\site-packages\selenium\webdriver\remote\webdriver.py", line 311, in execute
    self.error_handler.check_response(response)
  File "E:\Program Files\Python\Python36\lib\site-packages\selenium\webdriver\remote\errorhandler.py", line 237, in check_response
    raise exception_class(message, screen, stacktrace)
selenium.common.exceptions.WebDriverException: Message: unknown error: Element &lt;label data-v-0936452e="" class="ivu-checkbox-wrapper ivu-checkbox-group-item" style="font-weight: normal;"&gt;...&lt;/label&gt; is not clickable at point (711, 480). Other element would receive the click: &lt;div data-v-da3616f2="" class="warningModal_header"&gt;...&lt;/div&gt;
  (Session info: chrome=65.0.3325.181)
  (Driver info: chromedriver=2.35.528161 (5b82f2d2aae0ca24b877009200ced9065a772e73),platform=Windows NT 10.0.16299 x86_64)



        </pre>
    </div>
    <!--css div popup end-->

    </td>
</tr>

<tr class='errorClass'>
    <td>cases.search_hotwords.UntitledTestCase</td>
    <td>1</td>
    <td>0</td>
    <td>0</td>
    <td>1</td>
    <td><a href="javascript:showClassDetail('c4',1)">Detail</a></td>
</tr>

<tr id='ft4.1' class='none'>
    <td class='errorCase'><div class='testcase'>test_untitled_test_case: 热搜词测试</div></td>
    <td colspan='5' align='center'>

    <!--css div popup start-->
    <a class="popup_link" onfocus='this.blur();' href="javascript:showTestDetail('div_ft4.1')" >
        error</a>

    <div id='div_ft4.1' class="popup_window">
        <div style='text-align: right; color:red;cursor:pointer'>
        <a onfocus='this.blur();' onclick="document.getElementById('div_ft4.1').style.display = 'none' " >
           [x]</a>
        </div>
        <pre>
        
ft4.1: Traceback (most recent call last):
  File "E:\eclipse\eclipse-workspace\ris_search_automation\RIS_Automation\src\ris\cases\search_hotwords.py", line 34, in test_untitled_test_case
    driver.find_element_by_xpath("//div[@id='searchApp']/div[2]/div[2]/div[6]/span").click()
  File "E:\Program Files\Python\Python36\lib\site-packages\selenium\webdriver\remote\webelement.py", line 80, in click
    self._execute(Command.CLICK_ELEMENT)
  File "E:\Program Files\Python\Python36\lib\site-packages\selenium\webdriver\remote\webelement.py", line 501, in _execute
    return self._parent.execute(command, params)
  File "E:\Program Files\Python\Python36\lib\site-packages\selenium\webdriver\remote\webdriver.py", line 311, in execute
    self.error_handler.check_response(response)
  File "E:\Program Files\Python\Python36\lib\site-packages\selenium\webdriver\remote\errorhandler.py", line 237, in check_response
    raise exception_class(message, screen, stacktrace)
selenium.common.exceptions.WebDriverException: Message: unknown error: Element &lt;span data-v-1eedede0="" class="t_span"&gt;...&lt;/span&gt; is not clickable at point (787, 510). Other element would receive the click: &lt;p data-v-da3616f2=""&gt;...&lt;/p&gt;
  (Session info: chrome=65.0.3325.181)
  (Driver info: chromedriver=2.35.528161 (5b82f2d2aae0ca24b877009200ced9065a772e73),platform=Windows NT 10.0.16299 x86_64)

Traceback (most recent call last):
  File "E:\eclipse\eclipse-workspace\ris_search_automation\RIS_Automation\src\ris\cases\search_hotwords.py", line 34, in test_untitled_test_case
    driver.find_element_by_xpath("//div[@id='searchApp']/div[2]/div[2]/div[6]/span").click()
  File "E:\Program Files\Python\Python36\lib\site-packages\selenium\webdriver\remote\webelement.py", line 80, in click
    self._execute(Command.CLICK_ELEMENT)
  File "E:\Program Files\Python\Python36\lib\site-packages\selenium\webdriver\remote\webelement.py", line 501, in _execute
    return self._parent.execute(command, params)
  File "E:\Program Files\Python\Python36\lib\site-packages\selenium\webdriver\remote\webdriver.py", line 311, in execute
    self.error_handler.check_response(response)
  File "E:\Program Files\Python\Python36\lib\site-packages\selenium\webdriver\remote\errorhandler.py", line 237, in check_response
    raise exception_class(message, screen, stacktrace)
selenium.common.exceptions.WebDriverException: Message: unknown error: Element &lt;span data-v-1eedede0="" class="t_span"&gt;...&lt;/span&gt; is not clickable at point (787, 510). Other element would receive the click: &lt;p data-v-da3616f2=""&gt;...&lt;/p&gt;
  (Session info: chrome=65.0.3325.181)
  (Driver info: chromedriver=2.35.528161 (5b82f2d2aae0ca24b877009200ced9065a772e73),platform=Windows NT 10.0.16299 x86_64)



        </pre>
    </div>
    <!--css div popup end-->

    </td>
</tr>

<tr class='passClass'>
    <td>cases.search_selectBytimetype.UntitledTestCase</td>
    <td>1</td>
    <td>1</td>
    <td>0</td>
    <td>0</td>
    <td><a href="javascript:showClassDetail('c5',1)">Detail</a></td>
</tr>

<tr id='pt5.1' class='hiddenRow'>
    <td class='none'><div class='testcase'>test_untitled_test_case: 按时间范围筛选测试</div></td>
    <td colspan='5' align='center'>pass</td>
</tr>

<tr class='passClass'>
    <td>cases.search_selectByinfotype.UntitledTestCase</td>
    <td>1</td>
    <td>1</td>
    <td>0</td>
    <td>0</td>
    <td><a href="javascript:showClassDetail('c6',1)">Detail</a></td>
</tr>

<tr id='pt6.1' class='hiddenRow'>
    <td class='none'><div class='testcase'>test_untitled_test_case: 按信息类型筛选测试</div></td>
    <td colspan='5' align='center'>

    <!--css div popup start-->
    <a class="popup_link" onfocus='this.blur();' href="javascript:showTestDetail('div_pt6.1')" >
        pass</a>

    <div id='div_pt6.1' class="popup_window">
        <div style='text-align: right; color:red;cursor:pointer'>
        <a onfocus='this.blur();' onclick="document.getElementById('div_pt6.1').style.display = 'none' " >
           [x]</a>
        </div>
        <pre>
        
pt6.1: 

        </pre>
    </div>
    <!--css div popup end-->

    </td>
</tr>

<tr class='errorClass'>
    <td>cases.search_selectBycross.UntitledTestCase</td>
    <td>1</td>
    <td>0</td>
    <td>0</td>
    <td>1</td>
    <td><a href="javascript:showClassDetail('c7',1)">Detail</a></td>
</tr>

<tr id='ft7.1' class='none'>
    <td class='errorCase'><div class='testcase'>test_untitled_test_case: 高级搜索筛选条件交叉测试</div></td>
    <td colspan='5' align='center'>

    <!--css div popup start-->
    <a class="popup_link" onfocus='this.blur();' href="javascript:showTestDetail('div_ft7.1')" >
        error</a>

    <div id='div_ft7.1' class="popup_window">
        <div style='text-align: right; color:red;cursor:pointer'>
        <a onfocus='this.blur();' onclick="document.getElementById('div_ft7.1').style.display = 'none' " >
           [x]</a>
        </div>
        <pre>
        
ft7.1: Traceback (most recent call last):
  File "E:\eclipse\eclipse-workspace\ris_search_automation\RIS_Automation\src\ris\cases\search_selectBycross.py", line 52, in test_untitled_test_case
    driver.find_element_by_xpath("//div[@id='searchComplexApp']/div[2]/div[5]/div[2]/div/div").click()
  File "E:\Program Files\Python\Python36\lib\site-packages\selenium\webdriver\remote\webdriver.py", line 368, in find_element_by_xpath
    return self.find_element(by=By.XPATH, value=xpath)
  File "E:\Program Files\Python\Python36\lib\site-packages\selenium\webdriver\remote\webdriver.py", line 858, in find_element
    'value': value})['value']
  File "E:\Program Files\Python\Python36\lib\site-packages\selenium\webdriver\remote\webdriver.py", line 311, in execute
    self.error_handler.check_response(response)
  File "E:\Program Files\Python\Python36\lib\site-packages\selenium\webdriver\remote\errorhandler.py", line 237, in check_response
    raise exception_class(message, screen, stacktrace)
selenium.common.exceptions.NoSuchElementException: Message: no such element: Unable to locate element: {"method":"xpath","selector":"//div[@id='searchComplexApp']/div[2]/div[5]/div[2]/div/div"}
  (Session info: chrome=65.0.3325.181)
  (Driver info: chromedriver=2.35.528161 (5b82f2d2aae0ca24b877009200ced9065a772e73),platform=Windows NT 10.0.16299 x86_64)

Traceback (most recent call last):
  File "E:\eclipse\eclipse-workspace\ris_search_automation\RIS_Automation\src\ris\cases\search_selectBycross.py", line 52, in test_untitled_test_case
    driver.find_element_by_xpath("//div[@id='searchComplexApp']/div[2]/div[5]/div[2]/div/div").click()
  File "E:\Program Files\Python\Python36\lib\site-packages\selenium\webdriver\remote\webdriver.py", line 368, in find_element_by_xpath
    return self.find_element(by=By.XPATH, value=xpath)
  File "E:\Program Files\Python\Python36\lib\site-packages\selenium\webdriver\remote\webdriver.py", line 858, in find_element
    'value': value})['value']
  File "E:\Program Files\Python\Python36\lib\site-packages\selenium\webdriver\remote\webdriver.py", line 311, in execute
    self.error_handler.check_response(response)
  File "E:\Program Files\Python\Python36\lib\site-packages\selenium\webdriver\remote\errorhandler.py", line 237, in check_response
    raise exception_class(message, screen, stacktrace)
selenium.common.exceptions.NoSuchElementException: Message: no such element: Unable to locate element: {"method":"xpath","selector":"//div[@id='searchComplexApp']/div[2]/div[5]/div[2]/div/div"}
  (Session info: chrome=65.0.3325.181)
  (Driver info: chromedriver=2.35.528161 (5b82f2d2aae0ca24b877009200ced9065a772e73),platform=Windows NT 10.0.16299 x86_64)



        </pre>
    </div>
    <!--css div popup end-->

    </td>
</tr>

<tr class='passClass'>
    <td>cases.search_selectByemotion.UntitledTestCase</td>
    <td>1</td>
    <td>1</td>
    <td>0</td>
    <td>0</td>
    <td><a href="javascript:showClassDetail('c8',1)">Detail</a></td>
</tr>

<tr id='pt8.1' class='hiddenRow'>
    <td class='none'><div class='testcase'>test_untitled_test_case: 信息列表按情感类型筛选测试</div></td>
    <td colspan='5' align='center'>

    <!--css div popup start-->
    <a class="popup_link" onfocus='this.blur();' href="javascript:showTestDetail('div_pt8.1')" >
        pass</a>

    <div id='div_pt8.1' class="popup_window">
        <div style='text-align: right; color:red;cursor:pointer'>
        <a onfocus='this.blur();' onclick="document.getElementById('div_pt8.1').style.display = 'none' " >
           [x]</a>
        </div>
        <pre>
        
pt8.1: 

        </pre>
    </div>
    <!--css div popup end-->

    </td>
</tr>

<tr class='errorClass'>
    <td>cases.search_similarMerge.UntitledTestCase</td>
    <td>1</td>
    <td>0</td>
    <td>0</td>
    <td>1</td>
    <td><a href="javascript:showClassDetail('c9',1)">Detail</a></td>
</tr>

<tr id='ft9.1' class='none'>
    <td class='errorCase'><div class='testcase'>test_untitled_test_case: 信息列表相似合并测试</div></td>
    <td colspan='5' align='center'>

    <!--css div popup start-->
    <a class="popup_link" onfocus='this.blur();' href="javascript:showTestDetail('div_ft9.1')" >
        error</a>

    <div id='div_ft9.1' class="popup_window">
        <div style='text-align: right; color:red;cursor:pointer'>
        <a onfocus='this.blur();' onclick="document.getElementById('div_ft9.1').style.display = 'none' " >
           [x]</a>
        </div>
        <pre>
        
ft9.1: Traceback (most recent call last):
  File "E:\eclipse\eclipse-workspace\ris_search_automation\RIS_Automation\src\ris\cases\search_similarMerge.py", line 46, in test_untitled_test_case
    onbutton=driver.find_element_by_xpath("//*[@id='searchComplexApp']/div[2]/div[6]/div[2]/div[1]/div[4]/span[2]/span/span").text
  File "E:\Program Files\Python\Python36\lib\site-packages\selenium\webdriver\remote\webdriver.py", line 368, in find_element_by_xpath
    return self.find_element(by=By.XPATH, value=xpath)
  File "E:\Program Files\Python\Python36\lib\site-packages\selenium\webdriver\remote\webdriver.py", line 858, in find_element
    'value': value})['value']
  File "E:\Program Files\Python\Python36\lib\site-packages\selenium\webdriver\remote\webdriver.py", line 311, in execute
    self.error_handler.check_response(response)
  File "E:\Program Files\Python\Python36\lib\site-packages\selenium\webdriver\remote\errorhandler.py", line 237, in check_response
    raise exception_class(message, screen, stacktrace)
selenium.common.exceptions.NoSuchElementException: Message: no such element: Unable to locate element: {"method":"xpath","selector":"//*[@id='searchComplexApp']/div[2]/div[6]/div[2]/div[1]/div[4]/span[2]/span/span"}
  (Session info: chrome=65.0.3325.181)
  (Driver info: chromedriver=2.35.528161 (5b82f2d2aae0ca24b877009200ced9065a772e73),platform=Windows NT 10.0.16299 x86_64)

Traceback (most recent call last):
  File "E:\eclipse\eclipse-workspace\ris_search_automation\RIS_Automation\src\ris\cases\search_similarMerge.py", line 46, in test_untitled_test_case
    onbutton=driver.find_element_by_xpath("//*[@id='searchComplexApp']/div[2]/div[6]/div[2]/div[1]/div[4]/span[2]/span/span").text
  File "E:\Program Files\Python\Python36\lib\site-packages\selenium\webdriver\remote\webdriver.py", line 368, in find_element_by_xpath
    return self.find_element(by=By.XPATH, value=xpath)
  File "E:\Program Files\Python\Python36\lib\site-packages\selenium\webdriver\remote\webdriver.py", line 858, in find_element
    'value': value})['value']
  File "E:\Program Files\Python\Python36\lib\site-packages\selenium\webdriver\remote\webdriver.py", line 311, in execute
    self.error_handler.check_response(response)
  File "E:\Program Files\Python\Python36\lib\site-packages\selenium\webdriver\remote\errorhandler.py", line 237, in check_response
    raise exception_class(message, screen, stacktrace)
selenium.common.exceptions.NoSuchElementException: Message: no such element: Unable to locate element: {"method":"xpath","selector":"//*[@id='searchComplexApp']/div[2]/div[6]/div[2]/div[1]/div[4]/span[2]/span/span"}
  (Session info: chrome=65.0.3325.181)
  (Driver info: chromedriver=2.35.528161 (5b82f2d2aae0ca24b877009200ced9065a772e73),platform=Windows NT 10.0.16299 x86_64)



        </pre>
    </div>
    <!--css div popup end-->

    </td>
</tr>

<tr class='errorClass'>
    <td>cases.search_addmaterial.UntitledTestCase</td>
    <td>1</td>
    <td>0</td>
    <td>0</td>
    <td>1</td>
    <td><a href="javascript:showClassDetail('c10',1)">Detail</a></td>
</tr>

<tr id='ft10.1' class='none'>
    <td class='errorCase'><div class='testcase'>test_untitled_test_case: 信息列表-加入素材测试</div></td>
    <td colspan='5' align='center'>

    <!--css div popup start-->
    <a class="popup_link" onfocus='this.blur();' href="javascript:showTestDetail('div_ft10.1')" >
        error</a>

    <div id='div_ft10.1' class="popup_window">
        <div style='text-align: right; color:red;cursor:pointer'>
        <a onfocus='this.blur();' onclick="document.getElementById('div_ft10.1').style.display = 'none' " >
           [x]</a>
        </div>
        <pre>
        
ft10.1: Traceback (most recent call last):
  File "E:\eclipse\eclipse-workspace\ris_search_automation\RIS_Automation\src\ris\cases\search_addmaterial.py", line 39, in test_untitled_test_case
    driver.find_element_by_xpath("//*[@id='report']/table/tbody/tr[1]/div[2]/div[3]/a").click()
  File "E:\Program Files\Python\Python36\lib\site-packages\selenium\webdriver\remote\webdriver.py", line 368, in find_element_by_xpath
    return self.find_element(by=By.XPATH, value=xpath)
  File "E:\Program Files\Python\Python36\lib\site-packages\selenium\webdriver\remote\webdriver.py", line 858, in find_element
    'value': value})['value']
  File "E:\Program Files\Python\Python36\lib\site-packages\selenium\webdriver\remote\webdriver.py", line 311, in execute
    self.error_handler.check_response(response)
  File "E:\Program Files\Python\Python36\lib\site-packages\selenium\webdriver\remote\errorhandler.py", line 237, in check_response
    raise exception_class(message, screen, stacktrace)
selenium.common.exceptions.NoSuchElementException: Message: no such element: Unable to locate element: {"method":"xpath","selector":"//*[@id='report']/table/tbody/tr[1]/div[2]/div[3]/a"}
  (Session info: chrome=65.0.3325.181)
  (Driver info: chromedriver=2.35.528161 (5b82f2d2aae0ca24b877009200ced9065a772e73),platform=Windows NT 10.0.16299 x86_64)

Traceback (most recent call last):
  File "E:\eclipse\eclipse-workspace\ris_search_automation\RIS_Automation\src\ris\cases\search_addmaterial.py", line 39, in test_untitled_test_case
    driver.find_element_by_xpath("//*[@id='report']/table/tbody/tr[1]/div[2]/div[3]/a").click()
  File "E:\Program Files\Python\Python36\lib\site-packages\selenium\webdriver\remote\webdriver.py", line 368, in find_element_by_xpath
    return self.find_element(by=By.XPATH, value=xpath)
  File "E:\Program Files\Python\Python36\lib\site-packages\selenium\webdriver\remote\webdriver.py", line 858, in find_element
    'value': value})['value']
  File "E:\Program Files\Python\Python36\lib\site-packages\selenium\webdriver\remote\webdriver.py", line 311, in execute
    self.error_handler.check_response(response)
  File "E:\Program Files\Python\Python36\lib\site-packages\selenium\webdriver\remote\errorhandler.py", line 237, in check_response
    raise exception_class(message, screen, stacktrace)
selenium.common.exceptions.NoSuchElementException: Message: no such element: Unable to locate element: {"method":"xpath","selector":"//*[@id='report']/table/tbody/tr[1]/div[2]/div[3]/a"}
  (Session info: chrome=65.0.3325.181)
  (Driver info: chromedriver=2.35.528161 (5b82f2d2aae0ca24b877009200ced9065a772e73),platform=Windows NT 10.0.16299 x86_64)



        </pre>
    </div>
    <!--css div popup end-->

    </td>
</tr>

<tr class='errorClass'>
    <td>cases.search_turnpage.UntitledTestCase</td>
    <td>1</td>
    <td>0</td>
    <td>0</td>
    <td>1</td>
    <td><a href="javascript:showClassDetail('c11',1)">Detail</a></td>
</tr>

<tr id='ft11.1' class='none'>
    <td class='errorCase'><div class='testcase'>test_untitled_test_case: 信息搜索信息列表翻页测试</div></td>
    <td colspan='5' align='center'>

    <!--css div popup start-->
    <a class="popup_link" onfocus='this.blur();' href="javascript:showTestDetail('div_ft11.1')" >
        error</a>

    <div id='div_ft11.1' class="popup_window">
        <div style='text-align: right; color:red;cursor:pointer'>
        <a onfocus='this.blur();' onclick="document.getElementById('div_ft11.1').style.display = 'none' " >
           [x]</a>
        </div>
        <pre>
        
ft11.1: Traceback (most recent call last):
  File "E:\eclipse\eclipse-workspace\ris_search_automation\RIS_Automation\src\ris\cases\search_turnpage.py", line 40, in test_untitled_test_case
    driver.find_element_by_xpath('//*[@id="report"]/div/div/img').click()
  File "E:\Program Files\Python\Python36\lib\site-packages\selenium\webdriver\remote\webelement.py", line 80, in click
    self._execute(Command.CLICK_ELEMENT)
  File "E:\Program Files\Python\Python36\lib\site-packages\selenium\webdriver\remote\webelement.py", line 501, in _execute
    return self._parent.execute(command, params)
  File "E:\Program Files\Python\Python36\lib\site-packages\selenium\webdriver\remote\webdriver.py", line 311, in execute
    self.error_handler.check_response(response)
  File "E:\Program Files\Python\Python36\lib\site-packages\selenium\webdriver\remote\errorhandler.py", line 237, in check_response
    raise exception_class(message, screen, stacktrace)
selenium.common.exceptions.ElementNotVisibleException: Message: element not visible
  (Session info: chrome=65.0.3325.181)
  (Driver info: chromedriver=2.35.528161 (5b82f2d2aae0ca24b877009200ced9065a772e73),platform=Windows NT 10.0.16299 x86_64)

Traceback (most recent call last):
  File "E:\eclipse\eclipse-workspace\ris_search_automation\RIS_Automation\src\ris\cases\search_turnpage.py", line 40, in test_untitled_test_case
    driver.find_element_by_xpath('//*[@id="report"]/div/div/img').click()
  File "E:\Program Files\Python\Python36\lib\site-packages\selenium\webdriver\remote\webelement.py", line 80, in click
    self._execute(Command.CLICK_ELEMENT)
  File "E:\Program Files\Python\Python36\lib\site-packages\selenium\webdriver\remote\webelement.py", line 501, in _execute
    return self._parent.execute(command, params)
  File "E:\Program Files\Python\Python36\lib\site-packages\selenium\webdriver\remote\webdriver.py", line 311, in execute
    self.error_handler.check_response(response)
  File "E:\Program Files\Python\Python36\lib\site-packages\selenium\webdriver\remote\errorhandler.py", line 237, in check_response
    raise exception_class(message, screen, stacktrace)
selenium.common.exceptions.ElementNotVisibleException: Message: element not visible
  (Session info: chrome=65.0.3325.181)
  (Driver info: chromedriver=2.35.528161 (5b82f2d2aae0ca24b877009200ced9065a772e73),platform=Windows NT 10.0.16299 x86_64)



        </pre>
    </div>
    <!--css div popup end-->

    </td>
</tr>

<tr class='errorClass'>
    <td>cases.search_addmonitor.UntitledTestCase</td>
    <td>1</td>
    <td>0</td>
    <td>0</td>
    <td>1</td>
    <td><a href="javascript:showClassDetail('c12',1)">Detail</a></td>
</tr>

<tr id='ft12.1' class='none'>
    <td class='errorCase'><div class='testcase'>test_untitled_test_case: 将搜索加入监测测试</div></td>
    <td colspan='5' align='center'>

    <!--css div popup start-->
    <a class="popup_link" onfocus='this.blur();' href="javascript:showTestDetail('div_ft12.1')" >
        error</a>

    <div id='div_ft12.1' class="popup_window">
        <div style='text-align: right; color:red;cursor:pointer'>
        <a onfocus='this.blur();' onclick="document.getElementById('div_ft12.1').style.display = 'none' " >
           [x]</a>
        </div>
        <pre>
        
ft12.1: Traceback (most recent call last):
  File "E:\eclipse\eclipse-workspace\ris_search_automation\RIS_Automation\src\ris\cases\search_addmonitor.py", line 98, in test_untitled_test_case
    driver.find_element_by_xpath("//*[@id='sysHead_div']/li[2]").click()
  File "E:\Program Files\Python\Python36\lib\site-packages\selenium\webdriver\remote\webdriver.py", line 368, in find_element_by_xpath
    return self.find_element(by=By.XPATH, value=xpath)
  File "E:\Program Files\Python\Python36\lib\site-packages\selenium\webdriver\remote\webdriver.py", line 858, in find_element
    'value': value})['value']
  File "E:\Program Files\Python\Python36\lib\site-packages\selenium\webdriver\remote\webdriver.py", line 311, in execute
    self.error_handler.check_response(response)
  File "E:\Program Files\Python\Python36\lib\site-packages\selenium\webdriver\remote\errorhandler.py", line 237, in check_response
    raise exception_class(message, screen, stacktrace)
selenium.common.exceptions.NoSuchElementException: Message: no such element: Unable to locate element: {"method":"xpath","selector":"//*[@id='sysHead_div']/li[2]"}
  (Session info: chrome=65.0.3325.181)
  (Driver info: chromedriver=2.35.528161 (5b82f2d2aae0ca24b877009200ced9065a772e73),platform=Windows NT 10.0.16299 x86_64)

Traceback (most recent call last):
  File "E:\eclipse\eclipse-workspace\ris_search_automation\RIS_Automation\src\ris\cases\search_addmonitor.py", line 98, in test_untitled_test_case
    driver.find_element_by_xpath("//*[@id='sysHead_div']/li[2]").click()
  File "E:\Program Files\Python\Python36\lib\site-packages\selenium\webdriver\remote\webdriver.py", line 368, in find_element_by_xpath
    return self.find_element(by=By.XPATH, value=xpath)
  File "E:\Program Files\Python\Python36\lib\site-packages\selenium\webdriver\remote\webdriver.py", line 858, in find_element
    'value': value})['value']
  File "E:\Program Files\Python\Python36\lib\site-packages\selenium\webdriver\remote\webdriver.py", line 311, in execute
    self.error_handler.check_response(response)
  File "E:\Program Files\Python\Python36\lib\site-packages\selenium\webdriver\remote\errorhandler.py", line 237, in check_response
    raise exception_class(message, screen, stacktrace)
selenium.common.exceptions.NoSuchElementException: Message: no such element: Unable to locate element: {"method":"xpath","selector":"//*[@id='sysHead_div']/li[2]"}
  (Session info: chrome=65.0.3325.181)
  (Driver info: chromedriver=2.35.528161 (5b82f2d2aae0ca24b877009200ced9065a772e73),platform=Windows NT 10.0.16299 x86_64)



        </pre>
    </div>
    <!--css div popup end-->

    </td>
</tr>

<tr id='total_row'>
    <td>Total</td>
    <td>12</td>
    <td>5</td>
    <td>0</td>
    <td>7</td>
    <td>&nbsp;</td>
</tr>
</table>

<div id='ending'>&nbsp;</div>

</body>
</html>
